This file contains any messages produced by compilers while
running configure, to aid debugging if configure makes a mistake.

It was created by toilet configure 0.3, which was
generated by GNU Autoconf 2.68.  Invocation command line was

  $ ./configure 

## --------- ##
## Platform. ##
## --------- ##

hostname = sdu
uname -m = x86_64
uname -r = 4.4.0-133-generic
uname -s = Linux
uname -v = #159-Ubuntu SMP Fri Aug 10 07:31:43 UTC 2018

/usr/bin/uname -p = unknown
/bin/uname -X     = unknown

/bin/arch              = unknown
/usr/bin/arch -k       = unknown
/usr/convex/getsysinfo = unknown
/usr/bin/hostinfo      = unknown
/bin/machine           = unknown
/usr/bin/oslevel       = unknown
/bin/universe          = unknown

PATH: /usr/local/sbin
PATH: /usr/local/bin
PATH: /usr/sbin
PATH: /usr/bin
PATH: /sbin
PATH: /bin
PATH: /usr/games
PATH: /usr/local/games
PATH: /snap/bin


## ----------- ##
## Core tests. ##
## ----------- ##

configure:2066: checking build system type
configure:2080: result: x86_64-unknown-linux-gnu
configure:2100: checking host system type
configure:2113: result: x86_64-unknown-linux-gnu
configure:2133: checking target system type
configure:2146: result: x86_64-unknown-linux-gnu
configure:2190: checking for a BSD-compatible install
configure:2258: result: /usr/bin/install -c
configure:2269: checking whether build environment is sane
configure:2319: result: yes
configure:2460: checking for a thread-safe mkdir -p
configure:2499: result: /bin/mkdir -p
configure:2512: checking for gawk
configure:2528: found /usr/bin/gawk
configure:2539: result: gawk
configure:2550: checking whether make sets $(MAKE)
configure:2572: result: yes
configure:2667: checking for style of include used by make
configure:2695: result: GNU
configure:2766: checking for gcc
configure:2796: result: no
configure:2859: checking for cc
configure:2906: result: no
configure:2962: checking for cl.exe
configure:2992: result: no
configure:3016: error: in `/home/ubuntu/repos/docker_exam/TOIlet/toilet-0.3':
configure:3018: error: no acceptable C compiler found in $PATH
See `config.log' for more details

## ---------------- ##
## Cache variables. ##
## ---------------- ##

ac_cv_build=x86_64-unknown-linux-gnu
ac_cv_env_CACA_CFLAGS_set=
ac_cv_env_CACA_CFLAGS_value=
ac_cv_env_CACA_LIBS_set=
ac_cv_env_CACA_LIBS_value=
ac_cv_env_CC_set=
ac_cv_env_CC_value=
ac_cv_env_CFLAGS_set=
ac_cv_env_CFLAGS_value=
ac_cv_env_CPPFLAGS_set=
ac_cv_env_CPPFLAGS_value=
ac_cv_env_CPP_set=
ac_cv_env_CPP_value=
ac_cv_env_LDFLAGS_set=
ac_cv_env_LDFLAGS_value=
ac_cv_env_LIBS_set=
ac_cv_env_LIBS_value=
ac_cv_env_PKG_CONFIG_LIBDIR_set=
ac_cv_env_PKG_CONFIG_LIBDIR_value=
ac_cv_env_PKG_CONFIG_PATH_set=
ac_cv_env_PKG_CONFIG_PATH_value=
ac_cv_env_PKG_CONFIG_set=
ac_cv_env_PKG_CONFIG_value=
ac_cv_env_build_alias_set=
ac_cv_env_build_alias_value=
ac_cv_env_host_alias_set=
ac_cv_env_host_alias_value=
ac_cv_env_target_alias_set=
ac_cv_env_target_alias_value=
ac_cv_host=x86_64-unknown-linux-gnu
ac_cv_path_install='/usr/bin/install -c'
ac_cv_path_mkdir=/bin/mkdir
ac_cv_prog_AWK=gawk
ac_cv_prog_make_make_set=yes
ac_cv_target=x86_64-unknown-linux-gnu

## ----------------- ##
## Output variables. ##
## ----------------- ##

ACLOCAL='${SHELL} /home/ubuntu/repos/docker_exam/TOIlet/toilet-0.3/.auto/missing --run aclocal-1.11'
AMDEPBACKSLASH='\'
AMDEP_FALSE='#'
AMDEP_TRUE=''
AMTAR='$${TAR-tar}'
AUTOCONF='${SHELL} /home/ubuntu/repos/docker_exam/TOIlet/toilet-0.3/.auto/missing --run autoconf'
AUTOHEADER='${SHELL} /home/ubuntu/repos/docker_exam/TOIlet/toilet-0.3/.auto/missing --run autoheader'
AUTOMAKE='${SHELL} /home/ubuntu/repos/docker_exam/TOIlet/toilet-0.3/.auto/missing --run automake-1.11'
AWK='gawk'
CACA_CFLAGS=''
CACA_LIBS=''
CC=''
CCDEPMODE=''
CFLAGS=''
CPP=''
CPPFLAGS=''
CYGPATH_W='echo'
DEFS=''
DEPDIR='.deps'
ECHO_C=''
ECHO_N='-n'
ECHO_T=''
EGREP=''
EXEEXT=''
GREP=''
INSTALL_DATA='${INSTALL} -m 644'
INSTALL_PROGRAM='${INSTALL}'
INSTALL_SCRIPT='${INSTALL}'
INSTALL_STRIP_PROGRAM='$(install_sh) -c -s'
LDFLAGS=''
LIBOBJS=''
LIBS=''
LTLIBOBJS=''
MAKEINFO='${SHELL} /home/ubuntu/repos/docker_exam/TOIlet/toilet-0.3/.auto/missing --run makeinfo'
MKDIR_P='/bin/mkdir -p'
OBJEXT=''
PACKAGE='toilet'
PACKAGE_BUGREPORT=''
PACKAGE_NAME='toilet'
PACKAGE_STRING='toilet 0.3'
PACKAGE_TARNAME='toilet'
PACKAGE_URL=''
PACKAGE_VERSION='0.3'
PATH_SEPARATOR=':'
PKG_CONFIG=''
PKG_CONFIG_LIBDIR=''
PKG_CONFIG_PATH=''
SET_MAKE=''
SHELL='/bin/bash'
STRIP=''
VERSION='0.3'
ac_ct_CC=''
am__EXEEXT_FALSE=''
am__EXEEXT_TRUE=''
am__fastdepCC_FALSE=''
am__fastdepCC_TRUE=''
am__include='include'
am__isrc=''
am__leading_dot='.'
am__nodep='_no'
am__quote=''
am__tar='$${TAR-tar} chof - "$$tardir"'
am__untar='$${TAR-tar} xf -'
bindir='${exec_prefix}/bin'
build='x86_64-unknown-linux-gnu'
build_alias=''
build_cpu='x86_64'
build_os='linux-gnu'
build_vendor='unknown'
datadir='${datarootdir}'
datarootdir='${prefix}/share'
docdir='${datarootdir}/doc/${PACKAGE_TARNAME}'
dvidir='${docdir}'
exec_prefix='NONE'
host='x86_64-unknown-linux-gnu'
host_alias=''
host_cpu='x86_64'
host_os='linux-gnu'
host_vendor='unknown'
htmldir='${docdir}'
includedir='${prefix}/include'
infodir='${datarootdir}/info'
install_sh='${SHELL} /home/ubuntu/repos/docker_exam/TOIlet/toilet-0.3/.auto/install-sh'
libdir='${exec_prefix}/lib'
libexecdir='${exec_prefix}/libexec'
localedir='${datarootdir}/locale'
localstatedir='${prefix}/var'
mandir='${datarootdir}/man'
mkdir_p='/bin/mkdir -p'
oldincludedir='/usr/include'
pdfdir='${docdir}'
prefix='NONE'
program_transform_name='s,x,x,'
psdir='${docdir}'
sbindir='${exec_prefix}/sbin'
sharedstatedir='${prefix}/com'
sysconfdir='${prefix}/etc'
target='x86_64-unknown-linux-gnu'
target_alias=''
target_cpu='x86_64'
target_os='linux-gnu'
target_vendor='unknown'

## ----------- ##
## confdefs.h. ##
## ----------- ##

/* confdefs.h */
#define PACKAGE_NAME "toilet"
#define PACKAGE_TARNAME "toilet"
#define PACKAGE_VERSION "0.3"
#define PACKAGE_STRING "toilet 0.3"
#define PACKAGE_BUGREPORT ""
#define PACKAGE_URL ""
#define PACKAGE "toilet"
#define VERSION "0.3"

configure: exit 1
